2024-09-26 16:47:10,898 [main] INFO CucumberParabank - ********  Opening URL *********
2024-09-26 16:47:15,808 [main] INFO CucumberParabank - ********  Started Login *********
2024-09-26 16:47:30,706 [main] INFO CucumberParabank - ********  Opening URL *********
2024-09-26 16:47:35,390 [main] INFO CucumberParabank - ********  Started Login *********
2024-09-26 16:47:47,393 [main] INFO CucumberParabank - ********  Opening URL *********
2024-09-26 16:47:51,481 [main] INFO CucumberParabank - ********  Started Login *********
2024-09-26 16:48:02,867 [main] INFO CucumberParabank - ********  Opening URL *********
2024-09-26 16:48:02,906 [main] INFO CucumberParabank - ********  Entering Registration Details *********
2024-09-26 16:48:10,330 [main] INFO CucumberParabank - ********  Clicking New Register Button *********
2024-09-26 17:56:22,433 [main] INFO CucumberParabank - ********  Opening URL *********
2024-09-26 17:56:28,456 [main] INFO CucumberParabank - ********  Started Login *********
2024-09-26 17:56:48,854 [main] INFO CucumberParabank - ********  Opening URL *********
2024-09-26 17:56:53,823 [main] INFO CucumberParabank - ********  Started Login *********
2024-09-26 17:57:06,151 [main] INFO CucumberParabank - ********  Opening URL *********
2024-09-26 17:57:11,063 [main] INFO CucumberParabank - ********  Started Login *********
2024-09-26 18:02:54,351 [main] INFO CucumberParabank - ********  Opening URL *********
2024-09-26 18:03:15,742 [main] INFO CucumberParabank - ********  Started Login *********
2024-09-26 18:04:21,727 [main] INFO CucumberParabank - ********  Opening URL *********
2024-09-26 18:04:28,848 [main] INFO CucumberParabank - ********  Started Login *********
2024-09-26 18:04:55,135 [main] INFO CucumberParabank - ********  Opening URL *********
2024-09-26 18:05:03,284 [main] INFO CucumberParabank - ********  Started Login *********
2024-09-26 18:28:24,943 [main] INFO CucumberParabank - ********  Opening URL *********
2024-09-26 18:28:29,765 [main] INFO CucumberParabank - ********  Started Login *********
2024-09-26 18:56:05,017 [main] INFO CucumberParabank - ********  Opening URL *********
2024-09-26 18:56:08,605 [main] INFO CucumberParabank - ********  Started Login *********
2024-09-26 18:56:46,306 [main] INFO CucumberParabank - ********  Opening URL *********
2024-09-26 18:56:58,560 [main] INFO CucumberParabank - ********  Opening URL *********
2024-09-26 18:56:58,964 [main] INFO CucumberParabank - ********  Entering Registration Details *********
2024-09-26 18:57:12,405 [main] INFO CucumberParabank - ********  Clicking New Register Button *********
2024-09-26 19:31:38,866 [main] INFO CucumberParabank - ********  Opening URL *********
2024-09-26 19:31:44,029 [main] INFO CucumberParabank - ********  Started Login *********
2024-09-26 19:31:57,173 [main] INFO CucumberParabank - ********  Opening URL *********
2024-09-26 19:32:02,550 [main] INFO CucumberParabank - ********  Started Login *********
2024-09-26 19:32:14,663 [main] INFO CucumberParabank - ********  Opening URL *********
2024-09-26 19:32:22,764 [main] INFO CucumberParabank - ********  Started Login *********
2024-09-26 19:33:09,089 [main] INFO CucumberParabank - ********  Opening URL *********
2024-09-26 19:33:47,543 [main] INFO CucumberParabank - ********  Opening URL *********
2024-09-26 19:33:47,554 [main] INFO CucumberParabank - ********  Entering Registration Details *********
2024-09-26 19:33:52,615 [main] INFO CucumberParabank - ********  Clicking New Register Button *********
2024-09-26 19:37:27,013 [main] INFO CucumberParabank - ********  Opening URL *********
2024-09-26 19:37:35,291 [main] INFO CucumberParabank - ********  Browser is launched *********
2024-09-26 19:37:40,522 [main] INFO CucumberParabank - ********  Started Login *********
2024-09-26 19:37:52,810 [main] INFO CucumberParabank - ********  Opening URL *********
2024-09-26 19:38:05,863 [main] INFO CucumberParabank - ********  Browser is launched *********
2024-09-26 19:38:12,512 [main] INFO CucumberParabank - ********  Started Login *********
2024-09-26 19:38:29,574 [main] INFO CucumberParabank - ********  Opening URL *********
2024-09-26 19:41:07,750 [main] INFO CucumberParabank - ********  Opening URL *********
2024-09-26 19:41:19,955 [main] INFO CucumberParabank - ********  Browser is launched *********
2024-09-26 19:41:31,161 [main] INFO CucumberParabank - ********  Started Login *********
2024-09-26 19:41:42,312 [main] INFO CucumberParabank - ********  Opening URL *********
2024-09-26 19:41:49,900 [main] INFO CucumberParabank - ********  Browser is launched *********
2024-09-26 19:41:54,898 [main] INFO CucumberParabank - ********  Started Login *********
2024-09-26 19:42:44,903 [main] INFO CucumberParabank - ********  Opening URL *********
2024-09-26 19:45:17,560 [main] INFO CucumberParabank - ********  Browser is launched *********
2024-09-26 19:45:27,521 [main] INFO CucumberParabank - ********  Opening URL *********
2024-09-26 19:45:37,174 [main] INFO CucumberParabank - ********  Browser is launched *********
2024-09-26 19:45:45,121 [main] INFO CucumberParabank - ********  Opening URL *********
2024-09-26 19:45:45,131 [main] INFO CucumberParabank - ********  Entering Registration Details *********
2024-09-26 19:45:50,354 [main] INFO CucumberParabank - ********  Clicking New Register Button *********
2024-09-26 19:48:38,839 [main] INFO CucumberParabank - ********  Opening URL *********
2024-09-26 19:48:49,760 [main] INFO CucumberParabank - ********  Browser is launched *********
2024-09-26 19:48:55,492 [main] INFO CucumberParabank - ********  Started Login *********
2024-09-26 19:49:07,365 [main] INFO CucumberParabank - ********  Opening URL *********
2024-09-26 19:49:16,853 [main] INFO CucumberParabank - ********  Browser is launched *********
2024-09-26 19:49:21,736 [main] INFO CucumberParabank - ********  Opening URL *********
2024-09-26 19:49:21,743 [main] INFO CucumberParabank - ********  Entering Registration Details *********
2024-09-26 19:49:28,803 [main] INFO CucumberParabank - ********  Clicking New Register Button *********
2024-09-26 19:51:07,967 [main] INFO CucumberParabank - ********  Opening URL *********
2024-09-26 19:51:15,046 [main] INFO CucumberParabank - ********  Browser is launched *********
2024-09-26 19:51:21,767 [main] INFO CucumberParabank - ********  Started Login *********
2024-09-26 19:51:31,540 [main] INFO CucumberParabank - ********  Opening URL *********
2024-09-26 19:51:44,092 [main] INFO CucumberParabank - ********  Browser is launched *********
2024-09-26 19:51:50,546 [main] INFO CucumberParabank - ********  Started Login *********
2024-09-26 19:52:16,683 [main] INFO CucumberParabank - ********  Opening URL *********
2024-09-26 19:52:25,340 [main] INFO CucumberParabank - ********  Browser is launched *********
2024-09-26 19:52:29,657 [main] INFO CucumberParabank - ********  Started Login *********
2024-09-26 20:15:31,658 [main] INFO CucumberParabank - ********  Opening URL *********
2024-09-26 20:29:11,127 [main] INFO CucumberParabank - ********  Opening URL *********
2024-09-26 20:29:19,555 [main] INFO CucumberParabank - ********  Browser is launched *********
2024-09-26 20:29:23,094 [main] INFO CucumberParabank - ********  Started Login *********
2024-09-26 20:29:32,484 [main] INFO CucumberParabank - ********  Opening URL *********
2024-09-26 20:29:41,036 [main] INFO CucumberParabank - ********  Browser is launched *********
2024-09-26 20:29:56,403 [main] INFO CucumberParabank - ********  Opening URL *********
2024-09-26 20:30:13,041 [main] INFO CucumberParabank - ********  Browser is launched *********
2024-09-26 20:41:59,394 [main] INFO CucumberParabank - ********  Opening URL *********
2024-09-26 20:42:12,106 [main] INFO CucumberParabank - ********  Browser is launched *********
2024-09-26 20:42:18,205 [main] INFO CucumberParabank - ********  Opening URL *********
2024-09-26 20:42:18,225 [main] INFO CucumberParabank - ********  Entering Registration Details *********
2024-09-26 20:42:22,425 [main] INFO CucumberParabank - ********  Clicking New Register Button *********
2024-09-26 20:44:49,685 [main] INFO CucumberParabank - ********  Opening URL *********
2024-09-26 20:48:49,719 [main] INFO CucumberParabank - ********  Opening URL *********
2024-09-26 20:48:57,500 [main] INFO CucumberParabank - ********  Browser is launched *********
2024-09-26 20:49:03,923 [main] INFO CucumberParabank - ********  Opening URL *********
2024-09-26 20:49:04,002 [main] INFO CucumberParabank - ********  Entering Registration Details *********
2024-09-26 20:49:08,043 [main] INFO CucumberParabank - ********  Clicking New Register Button *********
2024-09-27 14:44:41,170 [main] INFO CucumberParabank - ******** Browser Opened and Maximized ********
2024-09-27 14:44:47,199 [main] INFO CucumberParabank - ********  Browser is launched *********
2024-09-27 14:44:48,384 [main] INFO CucumberParabank - Navigated to https://parabank.parasoft.com/parabank/index.htm;jsessionid=7FD9DBCE453C67F0489CC4FC3FE22630
2024-09-27 14:44:48,510 [main] INFO CucumberParabank - Entering login details
2024-09-27 14:44:56,687 [main] INFO CucumberParabank - Browser closed
2024-09-27 14:45:01,492 [main] INFO CucumberParabank - ******** Browser Opened and Maximized ********
2024-09-27 14:45:07,602 [main] INFO CucumberParabank - ********  Browser is launched *********
2024-09-27 14:45:13,871 [main] INFO CucumberParabank - Navigated to https://parabank.parasoft.com/parabank/index.htm;jsessionid=7FD9DBCE453C67F0489CC4FC3FE22630
2024-09-27 14:45:17,372 [main] INFO CucumberParabank - Browser closed
2024-09-27 14:45:30,540 [main] INFO CucumberParabank - ******** Browser Opened and Maximized ********
2024-09-27 14:45:35,339 [main] INFO CucumberParabank - ********  Browser is launched *********
2024-09-27 14:45:48,007 [main] INFO CucumberParabank - Navigated to https://parabank.parasoft.com/parabank/index.htm;jsessionid=7FD9DBCE453C67F0489CC4FC3FE22630
2024-09-27 14:45:48,846 [main] INFO CucumberParabank - Browser closed
2024-09-27 14:53:57,738 [main] INFO CucumberParabank - ******** Browser Opened and Maximized ********
2024-09-27 14:54:01,855 [main] INFO CucumberParabank - ********  Browser is launched *********
2024-09-27 14:54:03,299 [main] INFO CucumberParabank - Navigated to https://parabank.parasoft.com/parabank/index.htm;jsessionid=7FD9DBCE453C67F0489CC4FC3FE22630
2024-09-27 14:54:03,445 [main] INFO CucumberParabank - Entering login details
2024-09-27 14:54:33,217 [main] INFO CucumberParabank - ********  Browser is launched *********
2024-09-27 14:54:52,319 [main] INFO CucumberParabank - Navigated to https://parabank.parasoft.com/parabank/index.htm;jsessionid=7FD9DBCE453C67F0489CC4FC3FE22630
2024-09-27 14:54:58,088 [main] INFO CucumberParabank - ********  Browser is launched *********
2024-09-27 14:55:44,475 [main] INFO CucumberParabank - Navigated to https://parabank.parasoft.com/parabank/index.htm;jsessionid=7FD9DBCE453C67F0489CC4FC3FE22630
2024-09-27 15:03:12,647 [main] INFO CucumberParabank - ******** Browser Opened and Maximized ********
2024-09-27 15:03:17,691 [main] INFO CucumberParabank - ********  Browser is launched *********
2024-09-27 15:04:11,747 [main] INFO CucumberParabank - Navigated to https://parabank.parasoft.com/parabank/index.htm;jsessionid=7FD9DBCE453C67F0489CC4FC3FE22630
2024-09-27 15:04:11,869 [main] INFO CucumberParabank - Entering login details
2024-09-27 15:04:16,625 [main] INFO CucumberParabank - ********  Browser is launched *********
2024-09-27 15:04:25,074 [main] INFO CucumberParabank - Navigated to https://parabank.parasoft.com/parabank/index.htm;jsessionid=7FD9DBCE453C67F0489CC4FC3FE22630
2024-09-27 15:06:40,533 [main] INFO CucumberParabank - ******** Browser Opened and Maximized ********
2024-09-27 15:06:46,213 [main] INFO CucumberParabank - ********  Browser is launched *********
2024-09-27 15:06:59,296 [main] INFO CucumberParabank - ********  Opening URL *********
2024-09-27 15:06:59,364 [main] INFO CucumberParabank - ********  Entering Registration Details *********
2024-09-27 15:07:07,068 [main] INFO CucumberParabank - ********  Clicking New Register Button *********
2024-09-27 15:07:18,785 [main] INFO CucumberParabank - Browser closed
2024-09-27 15:58:10,229 [main] INFO CucumberParabank - ******** Browser Opened and Maximized ********
2024-09-27 15:58:15,939 [main] INFO CucumberParabank - ********  Browser is launched *********
2024-09-27 15:58:31,386 [main] INFO CucumberParabank - ********  Opening URL *********
2024-09-27 15:58:31,435 [main] INFO CucumberParabank - ********  Entering Registration Details *********
2024-09-27 15:58:33,757 [main] INFO CucumberParabank - ********  Clicking New Register Button *********
2024-09-27 15:59:15,706 [main] INFO CucumberParabank - Browser closed
2024-09-28 17:42:38,109 [main] INFO CucumberParabank - ******** Browser Opened and Maximized ********
2024-09-28 17:42:43,896 [main] INFO CucumberParabank - ********  Browser is launched *********
2024-09-28 17:42:47,336 [main] INFO CucumberParabank - Navigated to https://parabank.parasoft.com/parabank/index.htm;jsessionid=7FD9DBCE453C67F0489CC4FC3FE22630
2024-09-28 17:42:47,484 [main] INFO CucumberParabank - Entering login details
2024-09-28 17:42:55,546 [main] INFO CucumberParabank - User logged in successfully
2024-09-28 17:43:21,289 [main] INFO CucumberParabank - Browser closed
2024-09-28 17:43:29,271 [main] INFO CucumberParabank - ********  Browser is launched *********
2024-09-28 17:43:33,511 [main] INFO CucumberParabank - Navigated to https://parabank.parasoft.com/parabank/index.htm;jsessionid=7FD9DBCE453C67F0489CC4FC3FE22630
2024-09-28 17:43:40,512 [main] INFO CucumberParabank - ********  Browser is launched *********
2024-09-28 17:43:44,446 [main] INFO CucumberParabank - Navigated to https://parabank.parasoft.com/parabank/index.htm;jsessionid=7FD9DBCE453C67F0489CC4FC3FE22630
2024-09-28 17:43:52,375 [main] INFO CucumberParabank - ********  Browser is launched *********
2024-09-28 17:43:53,569 [main] INFO CucumberParabank - ********  Opening URL *********
2024-09-28 17:43:53,580 [main] INFO CucumberParabank - ********  Entering Registration Details *********
2024-09-28 17:44:02,602 [main] INFO CucumberParabank - ********  Clicking New Register Button *********
2024-09-28 17:44:07,778 [main] INFO CucumberParabank - Browser closed
2024-09-28 18:37:33,342 [main] INFO CucumberParabank - ******** Browser Opened and Maximized ********
2024-09-28 18:37:43,231 [main] INFO CucumberParabank - ********  Browser is launched *********
2024-09-28 18:37:47,756 [main] INFO CucumberParabank - Navigated to https://parabank.parasoft.com/parabank/index.htm;jsessionid=7FD9DBCE453C67F0489CC4FC3FE22630
2024-09-28 18:37:47,936 [main] INFO CucumberParabank - Entering login details
2024-09-28 18:38:10,824 [main] INFO CucumberParabank - ********  Browser is launched *********
2024-09-28 18:38:35,745 [main] INFO CucumberParabank - Navigated to https://parabank.parasoft.com/parabank/index.htm;jsessionid=7FD9DBCE453C67F0489CC4FC3FE22630
2024-09-28 18:39:00,528 [main] INFO CucumberParabank - ********  Browser is launched *********
2024-09-28 18:39:06,560 [main] INFO CucumberParabank - Navigated to https://parabank.parasoft.com/parabank/index.htm;jsessionid=7FD9DBCE453C67F0489CC4FC3FE22630
2024-09-28 18:39:16,833 [main] INFO CucumberParabank - ********  Browser is launched *********
2024-09-28 18:39:21,953 [main] INFO CucumberParabank - ********  Opening URL *********
2024-09-28 18:39:21,990 [main] INFO CucumberParabank - ********  Entering Registration Details *********
2024-09-28 18:39:26,439 [main] INFO CucumberParabank - ********  Clicking New Register Button *********
2024-09-28 18:39:59,193 [main] INFO CucumberParabank - Browser closed
2024-09-28 18:54:14,169 [main] INFO CucumberParabank - ******** Browser Opened and Maximized ********
2024-09-28 18:54:24,593 [main] INFO CucumberParabank - ********  Browser is launched *********
2024-09-28 18:54:31,873 [main] INFO CucumberParabank - Navigated to https://parabank.parasoft.com/parabank/index.htm;jsessionid=7FD9DBCE453C67F0489CC4FC3FE22630
2024-09-28 18:54:32,030 [main] INFO CucumberParabank - Entering login details
2024-09-28 18:54:47,942 [main] INFO CucumberParabank - ********  Browser is launched *********
2024-09-28 18:54:53,445 [main] INFO CucumberParabank - Navigated to https://parabank.parasoft.com/parabank/index.htm;jsessionid=7FD9DBCE453C67F0489CC4FC3FE22630
2024-09-28 18:55:04,496 [main] INFO CucumberParabank - ********  Browser is launched *********
2024-09-28 18:55:08,173 [main] INFO CucumberParabank - Navigated to https://parabank.parasoft.com/parabank/index.htm;jsessionid=7FD9DBCE453C67F0489CC4FC3FE22630
2024-09-28 19:03:06,877 [main] INFO CucumberParabank - ******** Browser Opened and Maximized ********
2024-09-28 19:03:17,753 [main] INFO CucumberParabank - ********  Browser is launched *********
2024-09-28 19:03:22,697 [main] INFO CucumberParabank - Navigated to https://parabank.parasoft.com/parabank/index.htm
2024-09-28 19:03:22,798 [main] INFO CucumberParabank - Entering login details
2024-09-28 19:04:17,179 [main] INFO CucumberParabank - ********  Browser is launched *********
2024-09-28 19:04:24,803 [main] INFO CucumberParabank - Navigated to https://parabank.parasoft.com/parabank/index.htm
2024-09-28 19:04:24,811 [main] INFO CucumberParabank - Entering login details
2024-09-28 19:04:39,017 [main] INFO CucumberParabank - ********  Browser is launched *********
2024-09-28 19:04:45,780 [main] INFO CucumberParabank - Navigated to https://parabank.parasoft.com/parabank/index.htm
2024-09-28 19:04:45,790 [main] INFO CucumberParabank - Entering login details
2024-09-28 19:07:41,062 [main] INFO CucumberParabank - ********  Browser is launched *********
2024-09-28 19:07:48,699 [main] INFO CucumberParabank - ********  Opening URL *********
2024-09-28 19:07:48,778 [main] INFO CucumberParabank - ********  Entering Registration Details *********
2024-09-28 19:07:52,499 [main] INFO CucumberParabank - ********  Clicking New Register Button *********
2024-09-28 19:08:03,272 [main] INFO CucumberParabank - Browser closed
2024-09-29 12:31:49,471 [main] INFO CucumberParabank - ******** Browser Opened and Maximized ********
2024-09-29 12:31:59,463 [main] INFO CucumberParabank - ********  Browser is launched *********
2024-09-29 12:32:06,890 [main] INFO CucumberParabank - Navigated to https://parabank.parasoft.com/parabank/index.htm
2024-09-29 12:32:07,041 [main] INFO CucumberParabank - Entering login details
2024-09-29 12:33:04,581 [main] INFO CucumberParabank - ********  Browser is launched *********
2024-09-29 12:33:11,104 [main] INFO CucumberParabank - Navigated to https://parabank.parasoft.com/parabank/index.htm
2024-09-29 12:33:11,108 [main] INFO CucumberParabank - Entering login details
2024-09-29 12:33:28,312 [main] INFO CucumberParabank - ********  Browser is launched *********
2024-09-29 12:33:45,859 [main] INFO CucumberParabank - Navigated to https://parabank.parasoft.com/parabank/index.htm
2024-09-29 12:33:45,862 [main] INFO CucumberParabank - Entering login details
2024-09-29 12:34:26,726 [main] INFO CucumberParabank - ********  Browser is launched *********
2024-09-29 12:34:36,553 [main] INFO CucumberParabank - ********  Opening URL *********
2024-09-29 12:34:36,561 [main] INFO CucumberParabank - ********  Entering Registration Details *********
2024-09-29 12:34:51,829 [main] INFO CucumberParabank - ********  Clicking New Register Button *********
2024-09-29 12:35:10,814 [main] INFO CucumberParabank - Browser closed
2024-09-29 12:38:04,461 [main] INFO CucumberParabank - ******** Browser Opened and Maximized ********
2024-09-29 12:38:14,293 [main] INFO CucumberParabank - ********  Browser is launched *********
2024-09-29 12:38:19,943 [main] INFO CucumberParabank - Navigated to https://parabank.parasoft.com/parabank/index.htm
2024-09-29 12:38:20,091 [main] INFO CucumberParabank - Entering login details
2024-09-29 12:38:40,332 [main] INFO CucumberParabank - ********  Browser is launched *********
2024-09-29 12:38:49,869 [main] INFO CucumberParabank - Navigated to https://parabank.parasoft.com/parabank/index.htm
2024-09-29 12:38:49,876 [main] INFO CucumberParabank - Entering login details
2024-09-29 12:39:00,133 [main] INFO CucumberParabank - ********  Browser is launched *********
2024-09-29 12:39:04,763 [main] INFO CucumberParabank - Navigated to https://parabank.parasoft.com/parabank/index.htm
2024-09-29 12:39:04,767 [main] INFO CucumberParabank - Entering login details
2024-09-29 12:40:44,494 [main] INFO CucumberParabank - ********  Browser is launched *********
2024-09-29 12:40:59,294 [main] INFO CucumberParabank - ********  Opening URL *********
2024-09-29 12:40:59,325 [main] INFO CucumberParabank - ********  Entering Registration Details *********
2024-09-29 12:41:09,172 [main] INFO CucumberParabank - ********  Clicking New Register Button *********
2024-09-29 12:41:32,782 [main] INFO CucumberParabank - Browser closed
2024-09-29 13:50:58,349 [main] INFO CucumberParabank - ******** Browser Opened and Maximized ********
2024-09-29 13:51:36,139 [main] INFO CucumberParabank - ********  Browser is launched *********
2024-09-29 13:51:41,308 [main] INFO CucumberParabank - ********  Opening URL *********
2024-09-29 13:51:41,320 [main] INFO CucumberParabank - ********  Entering Registration Details *********
2024-09-29 13:51:49,350 [main] INFO CucumberParabank - ********  Clicking New Register Button *********
2024-09-29 13:51:55,067 [main] INFO CucumberParabank - Browser closed
2024-09-29 13:57:54,377 [main] INFO CucumberParabank - ******** Browser Opened and Maximized ********
2024-09-29 13:58:04,274 [main] INFO CucumberParabank - ********  Browser is launched *********
2024-09-29 13:58:09,736 [main] INFO CucumberParabank - ********  Opening URL *********
2024-09-29 13:58:09,774 [main] INFO CucumberParabank - ********  Entering Registration Details *********
2024-09-29 13:58:14,893 [main] INFO CucumberParabank - ********  Clicking New Register Button *********
2024-09-29 13:58:26,643 [main] INFO CucumberParabank - Browser closed
